<?xml version="1.0" encoding="UTF-8"?>
<!-- Generated by org.testng.reporters.JUnitXMLReporter -->
<testsuite ignored="0" hostname="NTI-COL-RIDWAN" failures="0" tests="8" name="SimpleTest" time="9.357" errors="0" timestamp="2025-05-22T10:54:54 ICT">
  <testcase classname="ridwan.APITest" name="getUserList" time="1.832"/>
  <testcase classname="ridwan.APITest" name="createNewUser" time="0.437"/>
  <testcase classname="ridwan.APITest" name="getUserbyID" time="0.349"/>
  <testcase classname="ridwan.APITest" name="getUserbyINegative" time="0.351"/>
  <testcase classname="ridwan.APITest" name="updateUserPATCH" time="0.686"/>
  <testcase classname="ridwan.APITest" name="validateJsonSchemaGetSingleUser" time="0.618"/>
  <testcase classname="ridwan.APITest" name="deleteUser" time="0.334"/>
  <testcase classname="ridwan.LoginTest" name="loginTest" time="4.658"/>
</testsuite> <!-- SimpleTest -->
